src/build/app/intermediates/manifest_merge_blame_file/debug/manifest-merger-blame-debug-report.txt
1<?xml version="1.0" encoding="utf-8"?>
2<manifest xmlns:android="http://schemas.android.com/apk/res/android"
3    package="com.example.telsavideo"
4    android:versionCode="1"
5    android:versionName="1.0.0" >
6
7    <uses-sdk
8        android:minSdkVersion="16"
9        android:targetSdkVersion="28" />
10    <!--
11         Flutter needs it to communicate with the running application
12         to allow setting breakpoints, to provide hot reload, etc.
13    -->
14    <uses-permission android:name="android.permission.INTERNET" />
14-->src\main\AndroidManifest.xml:8:5-66
14-->src\main\AndroidManifest.xml:8:22-64
15    <uses-permission android:name="android.permission.ACCESS_NETWORK_STATE" />
15-->[com.google.android.exoplayer:exoplayer-core:2.9.6] AndroidManifest.xml:24:5-79
15-->[com.google.android.exoplayer:exoplayer-core:2.9.6] AndroidManifest.xml:24:22-76
16    <!--
17    <uses-permission android:name="android.permission.READ_PHONE_STATE" />
18    <uses-permission android:name="android.permission.WRITE_EXTERNAL_STORAGE"/>
19    <uses-permission android:name="android.permission.ACCESS_NETWORK_STATE"/>
20    <uses-permission android:name="android.permission.ACCESS_WIFI_STATE" />
21    <uses-permission android:name="android.permission.CHANGE_NETWORK_STATE" />
22    <uses-permission android:name="android.permission.WRITE_SETTINGS"/>
23    <uses-permission android:name="android.permission.SYSTEM_ALERT_WINDOW" /> 
24    用于开启 debug 版本的应用在6.0 系统上 层叠窗口权限
25    <uses-permission android:name="android.permission.CHANGE_WIFI_STATE" />
26    <uses-permission android:name="android.permission.GET_TASKS" />
27    <uses-permission android:name="android.permission.VIBRATE" />
28    <uses-permission android:name="android.permission.WAKE_LOCK" />
29    -->
30    <application
30-->src\main\AndroidManifest.xml:23:5-61:19
31        android:name="io.flutter.app.FlutterApplication"
31-->src\main\AndroidManifest.xml:24:9-57
32        android:appComponentFactory="androidx.core.app.CoreComponentFactory"
32-->[androidx.core:core:1.1.0] AndroidManifest.xml:24:18-86
33        android:debuggable="true"
34        android:icon="@mipmap/ic_launcher"
34-->src\main\AndroidManifest.xml:26:9-43
35        android:label="telsavideo" >
35-->src\main\AndroidManifest.xml:25:9-35
36        <activity
36-->src\main\AndroidManifest.xml:27:9-55:20
37            android:name="com.example.telsavideo.MainActivity"
37-->src\main\AndroidManifest.xml:28:13-41
38            android:configChanges="orientation|keyboardHidden|keyboard|screenSize|smallestScreenSize|locale|layoutDirection|fontScale|screenLayout|density|uiMode"
38-->src\main\AndroidManifest.xml:31:13-163
39            android:hardwareAccelerated="true"
39-->src\main\AndroidManifest.xml:32:13-47
40            android:launchMode="singleTop"
40-->src\main\AndroidManifest.xml:29:13-43
41            android:theme="@style/LaunchTheme"
41-->src\main\AndroidManifest.xml:30:13-47
42            android:windowSoftInputMode="adjustResize" >
42-->src\main\AndroidManifest.xml:33:13-55
43
44            <!--
45                 Specifies an Android theme to apply to this Activity as soon as
46                 the Android process has started. This theme is visible to the user
47                 while the Flutter UI initializes. After that, this theme continues
48                 to determine the Window background behind the Flutter UI.
49            -->
50            <meta-data
50-->src\main\AndroidManifest.xml:38:13-41:17
51                android:name="io.flutter.embedding.android.NormalTheme"
51-->src\main\AndroidManifest.xml:39:15-70
52                android:resource="@style/NormalTheme" />
52-->src\main\AndroidManifest.xml:40:15-52
53            <!--
54                 Displays an Android View that continues showing the launch screen
55                 Drawable until Flutter paints its first frame, then this splash
56                 screen fades out. A splash screen is useful to avoid any visual
57                 gap between the end of Android's launch screen and the painting of
58                 Flutter's first frame.
59            -->
60            <meta-data
60-->src\main\AndroidManifest.xml:47:13-50:17
61                android:name="io.flutter.embedding.android.SplashScreenDrawable"
61-->src\main\AndroidManifest.xml:48:15-79
62                android:resource="@drawable/launch_background" />
62-->src\main\AndroidManifest.xml:49:15-61
63
64            <intent-filter>
64-->src\main\AndroidManifest.xml:51:13-54:29
65                <action android:name="android.intent.action.MAIN" />
65-->src\main\AndroidManifest.xml:52:17-68
65-->src\main\AndroidManifest.xml:52:25-66
66
67                <category android:name="android.intent.category.LAUNCHER" />
67-->src\main\AndroidManifest.xml:53:17-76
67-->src\main\AndroidManifest.xml:53:27-74
68            </intent-filter>
69        </activity>
70        <!--
71             Don't delete the meta-data below.
72             This is used by the Flutter tool to generate GeneratedPluginRegistrant.java
73        -->
74        <meta-data
74-->src\main\AndroidManifest.xml:58:9-60:33
75            android:name="flutterEmbedding"
75-->src\main\AndroidManifest.xml:59:13-44
76            android:value="2" />
76-->src\main\AndroidManifest.xml:60:13-30
77
78        <activity
78-->[:url_launcher] AndroidManifest.xml:8:9-11:74
79            android:name="io.flutter.plugins.urllauncher.WebViewActivity"
79-->[:url_launcher] AndroidManifest.xml:9:13-74
80            android:exported="false"
80-->[:url_launcher] AndroidManifest.xml:10:13-37
81            android:theme="@android:style/Theme.NoTitleBar.Fullscreen" />
81-->[:url_launcher] AndroidManifest.xml:11:13-71
82    </application>
83
84</manifest>